<?xml version="1.0" encoding="UTF-8"?>
<!-- Generated by org.testng.reporters.JUnitXMLReporter -->
<testsuite ignored="8" hostname="kaviyan" failures="0" tests="2" name="Test" time="252.087" errors="0" timestamp="2023-09-04T17:52:56 IST">
  <testcase classname="com.crm.GUIFramework.CreateContactTest" name="createContactTest" time="99.981"/>
  <testcase classname="com.crm.GUIFramework.CreateOrganizationTest" name="createOrganizationTest" time="46.077"/>
  <testcase classname="com.crm.basetest.BaseTest" name="@BeforeSuite beforeSuiteconfiguration" time="0.0">
    <ignored/>
  </testcase> <!-- @BeforeSuite beforeSuiteconfiguration -->
  <testcase classname="com.crm.basetest.BaseTest" name="@BeforeSuite beforeSuiteconfiguration" time="0.0">
    <ignored/>
  </testcase> <!-- @BeforeSuite beforeSuiteconfiguration -->
  <testcase classname="com.crm.basetest.BaseTest" name="@BeforeSuite beforeSuiteconfiguration" time="0.0">
    <ignored/>
  </testcase> <!-- @BeforeSuite beforeSuiteconfiguration -->
  <testcase classname="com.crm.basetest.BaseTest" name="@AfterSuite afterSuite" time="0.0">
    <ignored/>
  </testcase> <!-- @AfterSuite afterSuite -->
  <testcase classname="com.crm.basetest.BaseTest" name="@AfterSuite afterSuite" time="0.0">
    <ignored/>
  </testcase> <!-- @AfterSuite afterSuite -->
  <testcase classname="com.crm.basetest.BaseTest" name="@AfterSuite afterSuite" time="0.0">
    <ignored/>
  </testcase> <!-- @AfterSuite afterSuite -->
  <testcase classname="com.crm.GUIFramework.CreateOrganizationWithPhoneNumberTest" name="createOrganizationWithPhoneNumberTest" time="0.0">
    <ignored/>
  </testcase> <!-- createOrganizationWithPhoneNumberTest -->
  <testcase classname="com.crm.GUIFramework.CreateOrganizationWithIndustryTest" name="createOrganizationWithIndustryTest" time="0.0">
    <ignored/>
  </testcase> <!-- createOrganizationWithIndustryTest -->
</testsuite> <!-- Test -->
